<?xml version="1.0" encoding="UTF-8"?>
<testsuite xmlns:xsi="http://www.w3.org/2001/XMLSchema-instance" xsi:noNamespaceSchemaLocation="https://maven.apache.org/surefire/maven-surefire-plugin/xsd/surefire-test-report-3.0.xsd" version="3.0" name="com.platinum.test.TestLogin" time="0.085" tests="2" errors="0" skipped="0" failures="0">
  <properties>
[...]
</properties>
  <testcase name="testLoginValido" classname="com.platinum.test.TestLogin" time="0.043">
    <system-out><![CDATA[Conexión exitosa!
]]></system-out>
  </testcase>
  <testcase name="testLoginInvalido" classname="com.platinum.test.TestLogin" time="0.036">
    <system-out><![CDATA[Conexión exitosa!
]]></system-out>
  </testcase>
</testsuite>